14:27:18 [allowed] §f §r§r§r§f §r§r§r§1 §r§r§r§0 §r§r§r§2 §r§r§r§f §r§r§r§f §r§r§r§2 §r§r§r§0 §r§r§r§4 §r§r§r§3 §r§r§r§9 §r§r§r§2 §r§r§r§0 §r§r§r§0 §r§r§r§3 §r§r§r§9 §r§r§r§2 §r§r§r§0 §r§r§r§0 §r§r§r§3 §r§r§r§9 §r§r§r§2 §r§r§r§0 §r§r§r§0 
14:27:18 [allowed]  §b>§c>§a>§r §r§6[MVP§0++§6] Cenned§f §6hat die Lobby betreten!§r §a<§c<§b<
14:27:19 [allowed] §b[MVP§2+§b] HoshiZora_s§f §6hat die Lobby betreten!
14:27:19 [allowed]  §b>§c>§a>§r §r§6[MVP§d++§6] Weetjes§f §6hat die Lobby betreten!§r §a<§c<§b<
14:27:20 [allowed] §9§m-----------------------------------------------------
14:27:20 [allowed] §cDu bist aktuell in keiner Party.
14:27:20 [allowed] §9§m-----------------------------------------------------
14:27:26 [allowed]  §b>§c>§a>§r §r§6[MVP§c++§6] SeeUNextTime§f §6hat die Lobby betreten!§r §a<§c<§b<
14:27:28 [allowed] §b[MVP§f+§b] swedishfishe§f §6hat die Lobby betreten!
14:27:29 [allowed] §b[MVP§c+§b] legitSteve§f §6hat die Lobby betreten!
14:27:37 [allowed]  §b>§c>§a>§r §r§6[MVP§f++§6] oSafy§f §6hat die Lobby betreten!§r §a<§c<§b<
14:27:44 [allowed] §b[MVP§0+§b] nonoooooooo§f §6hat die Lobby betreten!
14:27:45 [allowed]  §b>§c>§a>§r §r§6[MVP§3++§6] Dawber§f §6hat die Lobby betreten!§r §a<§c<§b<
14:27:46 [allowed]  §b>§c>§a>§r §r§6[MVP§8++§6] Gatores§f §6hat die Lobby betreten!§r §a<§c<§b<
14:27:51 [allowed] §b[MVP§4+§b] BugglyIsHere§f §6hat die Lobby betreten!
14:27:53 [allowed] §b[MVP§2+§b] Carcanon§f §6hat die Lobby betreten!
14:27:54 [allowed]  §b>§c>§a>§r §r§6[MVP§4++§6] YourBigToes§f §6hat die Lobby betreten!§r §a<§c<§b<
14:27:58 [allowed]  §b>§c>§a>§r §r§6[MVP§0++§6] Cenned§f §6hat die Lobby betreten!§r §a<§c<§b<
14:27:58 [allowed] §b[MVP§f+§b] Mierya§f §6hat die Lobby betreten!
14:28:05 [allowed]  §b>§c>§a>§r §r§6[MVP§d++§6] KoolKathz§f §6hat die Lobby betreten!§r §a<§c<§b<
14:28:18 [allowed] §b[MVP§f+§b] swedishfishe§f §6hat die Lobby betreten!
14:28:18 [allowed] §7Sende zum Server mini92R …
14:28:19 [allowed] §8 §r§8 §r§1 §r§3 §r§3 §r§7 §r§8 
14:28:24 [allowed] 
14:28:24 [allowed] §eWelcome to §r§aHypixel SkyBlock§r§e!
14:28:24 [allowed] §6§lBONUS! §r§bTemporarily earn §r§a5% §r§bmore skill experience!
14:28:24 [allowed] 
14:28:24 [allowed] §eLatest update: §bSkyBlock v0.21 §e§lCLICK
14:28:24 [allowed] §aYou are playing on profile: §eKiwi§b (Co-op)
14:28:24 [allowed] §8Profile ID: 7af24df0-d9f9-412d-b1da-0f2773d0c661
14:28:24 [allowed] §6§lALLOWANCE! §r§eYou earned §r§650,000 coins§r§e!
14:28:29 [allowed] 
14:28:29 [allowed] §6§k§lA§r §c§lFIRE SALE §r§6§k§lA
§r§c♨ §eSelling an item for a limited time!
§r§c   ♨ §5Fossil T-Rex Skin §e(§e2,999 left§e)§c§r
§r§c♨ §a§l[WARP] §eTo Elizabeth in the next §c3d 3h 31m §eto grab yours!
14:28:29 [allowed] 
14:28:48 [allowed] §7Claiming upgrade...
14:28:48 [allowed] §eYou claimed the §r§aGarden Farming Fortune V §r§eupgrade!
14:28:57 [allowed] §7Starting account upgrade...
14:28:57 [allowed] §eYou started the §r§aGarden Farming Fortune VI §r§eupgrade!
14:29:00 [allowed] §7Claiming upgrade...
14:29:00 [allowed] §eYou claimed the §r§aMinion Slots V §r§eupgrade!
14:29:08 [allowed] §eThis upgrade is maxed out!
14:29:12 [allowed] §8[§r§2196§r§8] §r§b[MVP§c+§b] Lost_Shadow123§f§r§f: 7Ah
14:29:51 [allowed] §7Sende zum Server mini12E …
14:29:51 [allowed] §8 §r§8 §r§1 §r§3 §r§3 §r§7 §r§8 
14:29:55 [allowed] §aYou are playing on profile: §eKiwi§b (Co-op)
14:29:55 [allowed] §8Profile ID: 7af24df0-d9f9-412d-b1da-0f2773d0c661
14:30:17 [allowed] §7Warping...
14:30:18 [allowed] §7Sende zum Server mini15CM …
14:30:19 [allowed] §8 §r§8 §r§1 §r§3 §r§3 §r§7 §r§8 
14:30:22 [allowed] §aYou are playing on profile: §eKiwi§b (Co-op)
14:30:22 [allowed] §8Profile ID: 7af24df0-d9f9-412d-b1da-0f2773d0c661
