[22:27:27] [main/INFO]: Loading tweak class name net.minecraftforge.fml.common.launcher.FMLTweaker
[22:27:27] [main/INFO]: Using primary tweak class name net.minecraftforge.fml.common.launcher.FMLTweaker
[22:27:27] [main/INFO]: Calling tweak class net.minecraftforge.fml.common.launcher.FMLTweaker
[22:27:27] [main/INFO]: Forge Mod Loader version 11.15.1.2318 for Minecraft 1.8.9 loading
[22:27:27] [main/INFO]: Java is OpenJDK 64-Bit Server VM, version 1.8.0_452, running on Windows 11:amd64:10.0, installed at C:\Users\Mariano\AppData\Roaming\ModrinthApp\meta\java_versions\zulu8.86.0.25-ca-jre8.0.452-win_x64
[22:27:27] [main/INFO]: Loading tweaker gg.essential.loader.stage0.EssentialSetupTweaker from ctjs-2.2.1-1.8.9.jar
[22:27:27] [main/WARN]: The coremod kr.syeyoung.dungeonsguide.launcher.coremod.DGTweaker does not have a MCVersion annotation, it may cause issues with this version of Minecraft
[22:27:27] [main/INFO]: Loading tweaker gg.essential.loader.stage0.EssentialSetupTweaker from essential_1-3-5-12_forge_1-8-9.jar
[22:27:27] [main/INFO]: Loading tweaker gg.essential.loader.stage0.EssentialSetupTweaker from Hypixel Autocomplete-1.1 (1.8.9).jar
[22:27:27] [main/INFO]: Loading tweaker gg.essential.loader.stage0.EssentialSetupTweaker from LevelHead-8.2.2 (1.8.9).jar
[22:27:27] [main/INFO]: Loading tweaker io.github.moulberry.notenoughupdates.loader.NEUDelegatingTweaker from NotEnoughUpdates-2.5.0.jar
[22:27:27] [main/INFO]: Loading tweaker gg.essential.loader.stage0.EssentialSetupTweaker from Patcher-1.8.9 (1.8.9).jar
[22:27:27] [main/INFO]: Loading tweaker gg.essential.loader.stage0.EssentialSetupTweaker from Scrollable Tooltips-1.4 (1.8.9).jar
[22:27:27] [main/INFO]: Loading tweaker org.spongepowered.asm.launch.MixinTweaker from SkyBlockcatia-1.8.9-1.3.2.jar
[22:27:27] [main/INFO]: Loading tweaker at.hannibal2.skyhanni.tweaker.SkyHanniTweaker from SkyHanni-2.0.1-mc1.8.9.jar
[22:27:27] [main/INFO]: Loading tweaker gg.skytils.skytilsmod.tweaker.SkytilsTweaker from Skytils-1.10.8.jar
[22:27:27] [main/INFO]: Loading tweak class name net.minecraftforge.fml.common.launcher.FMLInjectionAndSortingTweaker
[22:27:27] [main/INFO]: Loading tweak class name gg.essential.loader.stage0.EssentialSetupTweaker
[22:27:27] [main/INFO]: Starting Essential Loader (stage2) version 1.6.3 (04447d7f5abf361e4fe3d7d995d4d000) [stable]
[22:27:28] [main/WARN]: Found an old version of ASM (5.0.3). This may cause issues.
[22:27:28] [main/WARN]: 
[22:27:28] [main/WARN]: 
[22:27:28] [main/WARN]: 
[22:27:28] [main/WARN]: ==================================================================================
[22:27:28] [main/WARN]: Attempting re-launch to load the newer version instead.
[22:27:28] [main/WARN]: 
[22:27:28] [main/WARN]: If AND ONLY IF you know what you are doing, have fixed the issue manually and need
[22:27:28] [main/WARN]: to suppress this behavior (did you really fix it then?), you can set the
[22:27:28] [main/WARN]: "essential.loader.relaunch" system property to false.
[22:27:28] [main/WARN]: ==================================================================================
[22:27:28] [main/WARN]: 
[22:27:28] [main/WARN]: 
[22:27:28] [main/WARN]: 
[22:27:28] [main/ERROR]: Failed to read manifest from file:/C:/Users/Mariano/AppData/Roaming/ModrinthApp/meta/libraries/net/java/jinput/jinput-platform/2.0.5/jinput-platform-2.0.5.jar:
java.util.zip.ZipException: error in opening zip file
	at java.util.zip.ZipFile.open(Native Method) ~[?:1.8.0_452]
	at java.util.zip.ZipFile.<init>(ZipFile.java:236) ~[?:1.8.0_452]
	at java.util.zip.ZipFile.<init>(ZipFile.java:162) ~[?:1.8.0_452]
	at java.util.jar.JarFile.<init>(JarFile.java:171) ~[?:1.8.0_452]
	at java.util.jar.JarFile.<init>(JarFile.java:135) ~[?:1.8.0_452]
	at gg.essential.loader.stage2.relaunch.Relaunch.isTweaker(Relaunch.java:191) [stage2.forge_1.8.9.jar:?]
	at gg.essential.loader.stage2.relaunch.Relaunch.relaunch(Relaunch.java:107) [stage2.forge_1.8.9.jar:?]
	at gg.essential.loader.stage2.EssentialLoader.preloadEssential(EssentialLoader.java:220) [stage2.forge_1.8.9.jar:?]
	at gg.essential.loader.stage2.EssentialLoader.loadPlatform(EssentialLoader.java:116) [stage2.forge_1.8.9.jar:?]
	at gg.essential.loader.stage2.EssentialLoaderBase.load(EssentialLoaderBase.java:148) [stage2.forge_1.8.9.jar:?]
	at sun.reflect.NativeMethodAccessorImpl.invoke0(Native Method) ~[?:1.8.0_452]
	at sun.reflect.NativeMethodAccessorImpl.invoke(NativeMethodAccessorImpl.java:62) ~[?:1.8.0_452]
	at sun.reflect.DelegatingMethodAccessorImpl.invoke(DelegatingMethodAccessorImpl.java:43) ~[?:1.8.0_452]
	at java.lang.reflect.Method.invoke(Method.java:498) ~[?:1.8.0_452]
	at gg.essential.loader.stage1.EssentialLoaderBase.load(EssentialLoaderBase.java:293) [stage1.jar:9]
	at gg.essential.loader.stage1.EssentialSetupTweaker.<init>(EssentialSetupTweaker.java:44) [stage1.jar:9]
	at sun.reflect.NativeConstructorAccessorImpl.newInstance0(Native Method) [?:1.8.0_452]
	at sun.reflect.NativeConstructorAccessorImpl.newInstance(NativeConstructorAccessorImpl.java:62) [?:1.8.0_452]
	at sun.reflect.DelegatingConstructorAccessorImpl.newInstance(DelegatingConstructorAccessorImpl.java:45) [?:1.8.0_452]
	at java.lang.reflect.Constructor.newInstance(Constructor.java:423) [?:1.8.0_452]
	at gg.essential.loader.stage0.EssentialSetupTweaker.loadStage1(EssentialSetupTweaker.java:53) [ctjs-2.2.1-1.8.9.jar:?]
	at gg.essential.loader.stage0.EssentialSetupTweaker.<init>(EssentialSetupTweaker.java:26) [ctjs-2.2.1-1.8.9.jar:?]
	at sun.reflect.NativeConstructorAccessorImpl.newInstance0(Native Method) [?:1.8.0_452]
	at sun.reflect.NativeConstructorAccessorImpl.newInstance(NativeConstructorAccessorImpl.java:62) [?:1.8.0_452]
	at sun.reflect.DelegatingConstructorAccessorImpl.newInstance(DelegatingConstructorAccessorImpl.java:45) [?:1.8.0_452]
	at java.lang.reflect.Constructor.newInstance(Constructor.java:423) [?:1.8.0_452]
	at java.lang.Class.newInstance(Class.java:442) [?:1.8.0_452]
	at net.minecraft.launchwrapper.Launch.launch(Launch.java:98) [launchwrapper-1.12.jar:?]
	at net.minecraft.launchwrapper.Launch.main(Launch.java:28) [launchwrapper-1.12.jar:?]
[22:27:28] [main/ERROR]: Failed to read manifest from file:/C:/Users/Mariano/AppData/Roaming/ModrinthApp/meta/libraries/tv/twitch/twitch-platform/6.5/twitch-platform-6.5.jar:
java.util.zip.ZipException: error in opening zip file
	at java.util.zip.ZipFile.open(Native Method) ~[?:1.8.0_452]
	at java.util.zip.ZipFile.<init>(ZipFile.java:236) ~[?:1.8.0_452]
	at java.util.zip.ZipFile.<init>(ZipFile.java:162) ~[?:1.8.0_452]
	at java.util.jar.JarFile.<init>(JarFile.java:171) ~[?:1.8.0_452]
	at java.util.jar.JarFile.<init>(JarFile.java:135) ~[?:1.8.0_452]
	at gg.essential.loader.stage2.relaunch.Relaunch.isTweaker(Relaunch.java:191) [stage2.forge_1.8.9.jar:?]
	at gg.essential.loader.stage2.relaunch.Relaunch.relaunch(Relaunch.java:107) [stage2.forge_1.8.9.jar:?]
	at gg.essential.loader.stage2.EssentialLoader.preloadEssential(EssentialLoader.java:220) [stage2.forge_1.8.9.jar:?]
	at gg.essential.loader.stage2.EssentialLoader.loadPlatform(EssentialLoader.java:116) [stage2.forge_1.8.9.jar:?]
	at gg.essential.loader.stage2.EssentialLoaderBase.load(EssentialLoaderBase.java:148) [stage2.forge_1.8.9.jar:?]
	at sun.reflect.NativeMethodAccessorImpl.invoke0(Native Method) ~[?:1.8.0_452]
	at sun.reflect.NativeMethodAccessorImpl.invoke(NativeMethodAccessorImpl.java:62) ~[?:1.8.0_452]
	at sun.reflect.DelegatingMethodAccessorImpl.invoke(DelegatingMethodAccessorImpl.java:43) ~[?:1.8.0_452]
	at java.lang.reflect.Method.invoke(Method.java:498) ~[?:1.8.0_452]
	at gg.essential.loader.stage1.EssentialLoaderBase.load(EssentialLoaderBase.java:293) [stage1.jar:9]
	at gg.essential.loader.stage1.EssentialSetupTweaker.<init>(EssentialSetupTweaker.java:44) [stage1.jar:9]
	at sun.reflect.NativeConstructorAccessorImpl.newInstance0(Native Method) [?:1.8.0_452]
	at sun.reflect.NativeConstructorAccessorImpl.newInstance(NativeConstructorAccessorImpl.java:62) [?:1.8.0_452]
	at sun.reflect.DelegatingConstructorAccessorImpl.newInstance(DelegatingConstructorAccessorImpl.java:45) [?:1.8.0_452]
	at java.lang.reflect.Constructor.newInstance(Constructor.java:423) [?:1.8.0_452]
	at gg.essential.loader.stage0.EssentialSetupTweaker.loadStage1(EssentialSetupTweaker.java:53) [ctjs-2.2.1-1.8.9.jar:?]
	at gg.essential.loader.stage0.EssentialSetupTweaker.<init>(EssentialSetupTweaker.java:26) [ctjs-2.2.1-1.8.9.jar:?]
	at sun.reflect.NativeConstructorAccessorImpl.newInstance0(Native Method) [?:1.8.0_452]
	at sun.reflect.NativeConstructorAccessorImpl.newInstance(NativeConstructorAccessorImpl.java:62) [?:1.8.0_452]
	at sun.reflect.DelegatingConstructorAccessorImpl.newInstance(DelegatingConstructorAccessorImpl.java:45) [?:1.8.0_452]
	at java.lang.reflect.Constructor.newInstance(Constructor.java:423) [?:1.8.0_452]
	at java.lang.Class.newInstance(Class.java:442) [?:1.8.0_452]
	at net.minecraft.launchwrapper.Launch.launch(Launch.java:98) [launchwrapper-1.12.jar:?]
	at net.minecraft.launchwrapper.Launch.main(Launch.java:28) [launchwrapper-1.12.jar:?]
[22:27:28] [main/ERROR]: Failed to read manifest from file:/C:/Users/Mariano/AppData/Roaming/ModrinthApp/meta/libraries/tv/twitch/twitch-external-platform/4.5/twitch-external-platform-4.5.jar:
java.util.zip.ZipException: error in opening zip file
	at java.util.zip.ZipFile.open(Native Method) ~[?:1.8.0_452]
	at java.util.zip.ZipFile.<init>(ZipFile.java:236) ~[?:1.8.0_452]
	at java.util.zip.ZipFile.<init>(ZipFile.java:162) ~[?:1.8.0_452]
	at java.util.jar.JarFile.<init>(JarFile.java:171) ~[?:1.8.0_452]
	at java.util.jar.JarFile.<init>(JarFile.java:135) ~[?:1.8.0_452]
	at gg.essential.loader.stage2.relaunch.Relaunch.isTweaker(Relaunch.java:191) [stage2.forge_1.8.9.jar:?]
	at gg.essential.loader.stage2.relaunch.Relaunch.relaunch(Relaunch.java:107) [stage2.forge_1.8.9.jar:?]
	at gg.essential.loader.stage2.EssentialLoader.preloadEssential(EssentialLoader.java:220) [stage2.forge_1.8.9.jar:?]
	at gg.essential.loader.stage2.EssentialLoader.loadPlatform(EssentialLoader.java:116) [stage2.forge_1.8.9.jar:?]
	at gg.essential.loader.stage2.EssentialLoaderBase.load(EssentialLoaderBase.java:148) [stage2.forge_1.8.9.jar:?]
	at sun.reflect.NativeMethodAccessorImpl.invoke0(Native Method) ~[?:1.8.0_452]
	at sun.reflect.NativeMethodAccessorImpl.invoke(NativeMethodAccessorImpl.java:62) ~[?:1.8.0_452]
	at sun.reflect.DelegatingMethodAccessorImpl.invoke(DelegatingMethodAccessorImpl.java:43) ~[?:1.8.0_452]
	at java.lang.reflect.Method.invoke(Method.java:498) ~[?:1.8.0_452]
	at gg.essential.loader.stage1.EssentialLoaderBase.load(EssentialLoaderBase.java:293) [stage1.jar:9]
	at gg.essential.loader.stage1.EssentialSetupTweaker.<init>(EssentialSetupTweaker.java:44) [stage1.jar:9]
	at sun.reflect.NativeConstructorAccessorImpl.newInstance0(Native Method) [?:1.8.0_452]
	at sun.reflect.NativeConstructorAccessorImpl.newInstance(NativeConstructorAccessorImpl.java:62) [?:1.8.0_452]
	at sun.reflect.DelegatingConstructorAccessorImpl.newInstance(DelegatingConstructorAccessorImpl.java:45) [?:1.8.0_452]
	at java.lang.reflect.Constructor.newInstance(Constructor.java:423) [?:1.8.0_452]
	at gg.essential.loader.stage0.EssentialSetupTweaker.loadStage1(EssentialSetupTweaker.java:53) [ctjs-2.2.1-1.8.9.jar:?]
	at gg.essential.loader.stage0.EssentialSetupTweaker.<init>(EssentialSetupTweaker.java:26) [ctjs-2.2.1-1.8.9.jar:?]
	at sun.reflect.NativeConstructorAccessorImpl.newInstance0(Native Method) [?:1.8.0_452]
	at sun.reflect.NativeConstructorAccessorImpl.newInstance(NativeConstructorAccessorImpl.java:62) [?:1.8.0_452]
	at sun.reflect.DelegatingConstructorAccessorImpl.newInstance(DelegatingConstructorAccessorImpl.java:45) [?:1.8.0_452]
	at java.lang.reflect.Constructor.newInstance(Constructor.java:423) [?:1.8.0_452]
	at java.lang.Class.newInstance(Class.java:442) [?:1.8.0_452]
	at net.minecraft.launchwrapper.Launch.launch(Launch.java:98) [launchwrapper-1.12.jar:?]
	at net.minecraft.launchwrapper.Launch.main(Launch.java:28) [launchwrapper-1.12.jar:?]
[22:27:28] [main/INFO]: Loading tweak class name net.minecraftforge.fml.common.launcher.FMLTweaker
[22:27:28] [main/INFO]: Using primary tweak class name net.minecraftforge.fml.common.launcher.FMLTweaker
[22:27:28] [main/INFO]: Calling tweak class net.minecraftforge.fml.common.launcher.FMLTweaker
[22:27:28] [main/INFO]: Forge Mod Loader version 11.15.1.2318 for Minecraft 1.8.9 loading
[22:27:28] [main/INFO]: Java is OpenJDK 64-Bit Server VM, version 1.8.0_452, running on Windows 11:amd64:10.0, installed at C:\Users\Mariano\AppData\Roaming\ModrinthApp\meta\java_versions\zulu8.86.0.25-ca-jre8.0.452-win_x64
[22:27:28] [main/INFO]: Loading tweaker gg.essential.loader.stage0.EssentialSetupTweaker from ctjs-2.2.1-1.8.9.jar
[22:27:28] [main/WARN]: The coremod kr.syeyoung.dungeonsguide.launcher.coremod.DGTweaker does not have a MCVersion annotation, it may cause issues with this version of Minecraft
[22:27:28] [main/INFO]: Loading tweaker gg.essential.loader.stage0.EssentialSetupTweaker from essential_1-3-5-12_forge_1-8-9.jar
[22:27:28] [main/INFO]: Loading tweaker gg.essential.loader.stage0.EssentialSetupTweaker from Hypixel Autocomplete-1.1 (1.8.9).jar
[22:27:28] [main/INFO]: Loading tweaker gg.essential.loader.stage0.EssentialSetupTweaker from LevelHead-8.2.2 (1.8.9).jar
[22:27:28] [main/INFO]: Loading tweaker io.github.moulberry.notenoughupdates.loader.NEUDelegatingTweaker from NotEnoughUpdates-2.5.0.jar
[22:27:28] [main/INFO]: Loading tweaker gg.essential.loader.stage0.EssentialSetupTweaker from Patcher-1.8.9 (1.8.9).jar
[22:27:28] [main/INFO]: Loading tweaker gg.essential.loader.stage0.EssentialSetupTweaker from Scrollable Tooltips-1.4 (1.8.9).jar
[22:27:28] [main/INFO]: Loading tweaker org.spongepowered.asm.launch.MixinTweaker from SkyBlockcatia-1.8.9-1.3.2.jar
[22:27:28] [main/INFO]: Loading tweaker at.hannibal2.skyhanni.tweaker.SkyHanniTweaker from SkyHanni-2.0.1-mc1.8.9.jar
[22:27:28] [main/INFO]: Loading tweaker gg.skytils.skytilsmod.tweaker.SkytilsTweaker from Skytils-1.10.8.jar
[22:27:28] [main/INFO]: Loading tweak class name net.minecraftforge.fml.common.launcher.FMLInjectionAndSortingTweaker
[22:27:28] [main/INFO]: Loading tweak class name gg.essential.loader.stage0.EssentialSetupTweaker
[22:27:28] [main/INFO]: Starting Essential Loader (stage2) version 1.6.3 (04447d7f5abf361e4fe3d7d995d4d000) [stable]
[22:27:28] [main/ERROR]: Failed to read manifest from file:/C:/Users/Mariano/AppData/Roaming/ModrinthApp/meta/libraries/net/java/jinput/jinput-platform/2.0.5/jinput-platform-2.0.5.jar:
java.util.zip.ZipException: error in opening zip file
	at java.util.zip.ZipFile.open(Native Method) ~[?:1.8.0_452]
	at java.util.zip.ZipFile.<init>(ZipFile.java:236) ~[?:1.8.0_452]
	at java.util.zip.ZipFile.<init>(ZipFile.java:162) ~[?:1.8.0_452]
	at java.util.jar.JarFile.<init>(JarFile.java:171) ~[?:1.8.0_452]
	at java.util.jar.JarFile.<init>(JarFile.java:135) ~[?:1.8.0_452]
	at gg.essential.loader.stage1.EssentialSetupTweaker$Forge$Impl.getSourceFiles(EssentialSetupTweaker.java:196) [stage1.jar:9]
	at gg.essential.loader.stage1.EssentialSetupTweaker$Forge$Impl.setupPostLoad(EssentialSetupTweaker.java:116) [stage1.jar:9]
	at gg.essential.loader.stage1.EssentialSetupTweaker.<init>(EssentialSetupTweaker.java:46) [stage1.jar:9]
	at sun.reflect.NativeConstructorAccessorImpl.newInstance0(Native Method) [?:1.8.0_452]
	at sun.reflect.NativeConstructorAccessorImpl.newInstance(NativeConstructorAccessorImpl.java:62) [?:1.8.0_452]
	at sun.reflect.DelegatingConstructorAccessorImpl.newInstance(DelegatingConstructorAccessorImpl.java:45) [?:1.8.0_452]
	at java.lang.reflect.Constructor.newInstance(Constructor.java:423) [?:1.8.0_452]
	at gg.essential.loader.stage0.EssentialSetupTweaker.loadStage1(EssentialSetupTweaker.java:53) [ctjs-2.2.1-1.8.9.jar:?]
	at gg.essential.loader.stage0.EssentialSetupTweaker.<init>(EssentialSetupTweaker.java:26) [ctjs-2.2.1-1.8.9.jar:?]
	at sun.reflect.NativeConstructorAccessorImpl.newInstance0(Native Method) [?:1.8.0_452]
	at sun.reflect.NativeConstructorAccessorImpl.newInstance(NativeConstructorAccessorImpl.java:62) [?:1.8.0_452]
	at sun.reflect.DelegatingConstructorAccessorImpl.newInstance(DelegatingConstructorAccessorImpl.java:45) [?:1.8.0_452]
	at java.lang.reflect.Constructor.newInstance(Constructor.java:423) [?:1.8.0_452]
	at java.lang.Class.newInstance(Class.java:442) [?:1.8.0_452]
	at net.minecraft.launchwrapper.Launch.launch(Launch.java:98) [launchwrapper-1.12.jar:?]
	at net.minecraft.launchwrapper.Launch.main(Launch.java:28) [launchwrapper-1.12.jar:?]
	at sun.reflect.NativeMethodAccessorImpl.invoke0(Native Method) ~[?:1.8.0_452]
	at sun.reflect.NativeMethodAccessorImpl.invoke(NativeMethodAccessorImpl.java:62) ~[?:1.8.0_452]
	at sun.reflect.DelegatingMethodAccessorImpl.invoke(DelegatingMethodAccessorImpl.java:43) ~[?:1.8.0_452]
	at java.lang.reflect.Method.invoke(Method.java:498) ~[?:1.8.0_452]
	at gg.essential.loader.stage2.relaunch.Relaunch.relaunch(Relaunch.java:124) [stage2.forge_1.8.9.jar:?]
	at gg.essential.loader.stage2.EssentialLoader.preloadEssential(EssentialLoader.java:220) [stage2.forge_1.8.9.jar:?]
	at gg.essential.loader.stage2.EssentialLoader.loadPlatform(EssentialLoader.java:116) [stage2.forge_1.8.9.jar:?]
	at gg.essential.loader.stage2.EssentialLoaderBase.load(EssentialLoaderBase.java:148) [stage2.forge_1.8.9.jar:?]
	at sun.reflect.NativeMethodAccessorImpl.invoke0(Native Method) ~[?:1.8.0_452]
	at sun.reflect.NativeMethodAccessorImpl.invoke(NativeMethodAccessorImpl.java:62) ~[?:1.8.0_452]
	at sun.reflect.DelegatingMethodAccessorImpl.invoke(DelegatingMethodAccessorImpl.java:43) ~[?:1.8.0_452]
	at java.lang.reflect.Method.invoke(Method.java:498) ~[?:1.8.0_452]
	at gg.essential.loader.stage1.EssentialLoaderBase.load(EssentialLoaderBase.java:293) [stage1.jar:9]
	at gg.essential.loader.stage1.EssentialSetupTweaker.<init>(EssentialSetupTweaker.java:44) [stage1.jar:9]
	at sun.reflect.NativeConstructorAccessorImpl.newInstance0(Native Method) [?:1.8.0_452]
	at sun.reflect.NativeConstructorAccessorImpl.newInstance(NativeConstructorAccessorImpl.java:62) [?:1.8.0_452]
	at sun.reflect.DelegatingConstructorAccessorImpl.newInstance(DelegatingConstructorAccessorImpl.java:45) [?:1.8.0_452]
	at java.lang.reflect.Constructor.newInstance(Constructor.java:423) [?:1.8.0_452]
	at gg.essential.loader.stage0.EssentialSetupTweaker.loadStage1(EssentialSetupTweaker.java:53) [ctjs-2.2.1-1.8.9.jar:?]
	at gg.essential.loader.stage0.EssentialSetupTweaker.<init>(EssentialSetupTweaker.java:26) [ctjs-2.2.1-1.8.9.jar:?]
	at sun.reflect.NativeConstructorAccessorImpl.newInstance0(Native Method) [?:1.8.0_452]
	at sun.reflect.NativeConstructorAccessorImpl.newInstance(NativeConstructorAccessorImpl.java:62) [?:1.8.0_452]
	at sun.reflect.DelegatingConstructorAccessorImpl.newInstance(DelegatingConstructorAccessorImpl.java:45) [?:1.8.0_452]
	at java.lang.reflect.Constructor.newInstance(Constructor.java:423) [?:1.8.0_452]
	at java.lang.Class.newInstance(Class.java:442) [?:1.8.0_452]
	at net.minecraft.launchwrapper.Launch.launch(Launch.java:98) [launchwrapper-1.12.jar:?]
	at net.minecraft.launchwrapper.Launch.main(Launch.java:28) [launchwrapper-1.12.jar:?]
[22:27:28] [main/ERROR]: Failed to read manifest from file:/C:/Users/Mariano/AppData/Roaming/ModrinthApp/meta/libraries/tv/twitch/twitch-platform/6.5/twitch-platform-6.5.jar:
java.util.zip.ZipException: error in opening zip file
	at java.util.zip.ZipFile.open(Native Method) ~[?:1.8.0_452]
	at java.util.zip.ZipFile.<init>(ZipFile.java:236) ~[?:1.8.0_452]
	at java.util.zip.ZipFile.<init>(ZipFile.java:162) ~[?:1.8.0_452]
	at java.util.jar.JarFile.<init>(JarFile.java:171) ~[?:1.8.0_452]
	at java.util.jar.JarFile.<init>(JarFile.java:135) ~[?:1.8.0_452]
	at gg.essential.loader.stage1.EssentialSetupTweaker$Forge$Impl.getSourceFiles(EssentialSetupTweaker.java:196) [stage1.jar:9]
	at gg.essential.loader.stage1.EssentialSetupTweaker$Forge$Impl.setupPostLoad(EssentialSetupTweaker.java:116) [stage1.jar:9]
	at gg.essential.loader.stage1.EssentialSetupTweaker.<init>(EssentialSetupTweaker.java:46) [stage1.jar:9]
	at sun.reflect.NativeConstructorAccessorImpl.newInstance0(Native Method) [?:1.8.0_452]
	at sun.reflect.NativeConstructorAccessorImpl.newInstance(NativeConstructorAccessorImpl.java:62) [?:1.8.0_452]
	at sun.reflect.DelegatingConstructorAccessorImpl.newInstance(DelegatingConstructorAccessorImpl.java:45) [?:1.8.0_452]
	at java.lang.reflect.Constructor.newInstance(Constructor.java:423) [?:1.8.0_452]
	at gg.essential.loader.stage0.EssentialSetupTweaker.loadStage1(EssentialSetupTweaker.java:53) [ctjs-2.2.1-1.8.9.jar:?]
	at gg.essential.loader.stage0.EssentialSetupTweaker.<init>(EssentialSetupTweaker.java:26) [ctjs-2.2.1-1.8.9.jar:?]
	at sun.reflect.NativeConstructorAccessorImpl.newInstance0(Native Method) [?:1.8.0_452]
	at sun.reflect.NativeConstructorAccessorImpl.newInstance(NativeConstructorAccessorImpl.java:62) [?:1.8.0_452]
	at sun.reflect.DelegatingConstructorAccessorImpl.newInstance(DelegatingConstructorAccessorImpl.java:45) [?:1.8.0_452]
	at java.lang.reflect.Constructor.newInstance(Constructor.java:423) [?:1.8.0_452]
	at java.lang.Class.newInstance(Class.java:442) [?:1.8.0_452]
	at net.minecraft.launchwrapper.Launch.launch(Launch.java:98) [launchwrapper-1.12.jar:?]
	at net.minecraft.launchwrapper.Launch.main(Launch.java:28) [launchwrapper-1.12.jar:?]
	at sun.reflect.NativeMethodAccessorImpl.invoke0(Native Method) ~[?:1.8.0_452]
	at sun.reflect.NativeMethodAccessorImpl.invoke(NativeMethodAccessorImpl.java:62) ~[?:1.8.0_452]
	at sun.reflect.DelegatingMethodAccessorImpl.invoke(DelegatingMethodAccessorImpl.java:43) ~[?:1.8.0_452]
	at java.lang.reflect.Method.invoke(Method.java:498) ~[?:1.8.0_452]
	at gg.essential.loader.stage2.relaunch.Relaunch.relaunch(Relaunch.java:124) [stage2.forge_1.8.9.jar:?]
	at gg.essential.loader.stage2.EssentialLoader.preloadEssential(EssentialLoader.java:220) [stage2.forge_1.8.9.jar:?]
	at gg.essential.loader.stage2.EssentialLoader.loadPlatform(EssentialLoader.java:116) [stage2.forge_1.8.9.jar:?]
	at gg.essential.loader.stage2.EssentialLoaderBase.load(EssentialLoaderBase.java:148) [stage2.forge_1.8.9.jar:?]
	at sun.reflect.NativeMethodAccessorImpl.invoke0(Native Method) ~[?:1.8.0_452]
	at sun.reflect.NativeMethodAccessorImpl.invoke(NativeMethodAccessorImpl.java:62) ~[?:1.8.0_452]
	at sun.reflect.DelegatingMethodAccessorImpl.invoke(DelegatingMethodAccessorImpl.java:43) ~[?:1.8.0_452]
	at java.lang.reflect.Method.invoke(Method.java:498) ~[?:1.8.0_452]
	at gg.essential.loader.stage1.EssentialLoaderBase.load(EssentialLoaderBase.java:293) [stage1.jar:9]
	at gg.essential.loader.stage1.EssentialSetupTweaker.<init>(EssentialSetupTweaker.java:44) [stage1.jar:9]
	at sun.reflect.NativeConstructorAccessorImpl.newInstance0(Native Method) [?:1.8.0_452]
	at sun.reflect.NativeConstructorAccessorImpl.newInstance(NativeConstructorAccessorImpl.java:62) [?:1.8.0_452]
	at sun.reflect.DelegatingConstructorAccessorImpl.newInstance(DelegatingConstructorAccessorImpl.java:45) [?:1.8.0_452]
	at java.lang.reflect.Constructor.newInstance(Constructor.java:423) [?:1.8.0_452]
	at gg.essential.loader.stage0.EssentialSetupTweaker.loadStage1(EssentialSetupTweaker.java:53) [ctjs-2.2.1-1.8.9.jar:?]
	at gg.essential.loader.stage0.EssentialSetupTweaker.<init>(EssentialSetupTweaker.java:26) [ctjs-2.2.1-1.8.9.jar:?]
	at sun.reflect.NativeConstructorAccessorImpl.newInstance0(Native Method) [?:1.8.0_452]
	at sun.reflect.NativeConstructorAccessorImpl.newInstance(NativeConstructorAccessorImpl.java:62) [?:1.8.0_452]
	at sun.reflect.DelegatingConstructorAccessorImpl.newInstance(DelegatingConstructorAccessorImpl.java:45) [?:1.8.0_452]
	at java.lang.reflect.Constructor.newInstance(Constructor.java:423) [?:1.8.0_452]
	at java.lang.Class.newInstance(Class.java:442) [?:1.8.0_452]
	at net.minecraft.launchwrapper.Launch.launch(Launch.java:98) [launchwrapper-1.12.jar:?]
	at net.minecraft.launchwrapper.Launch.main(Launch.java:28) [launchwrapper-1.12.jar:?]
[22:27:28] [main/ERROR]: Failed to read manifest from file:/C:/Users/Mariano/AppData/Roaming/ModrinthApp/meta/libraries/tv/twitch/twitch-external-platform/4.5/twitch-external-platform-4.5.jar:
java.util.zip.ZipException: error in opening zip file
	at java.util.zip.ZipFile.open(Native Method) ~[?:1.8.0_452]
	at java.util.zip.ZipFile.<init>(ZipFile.java:236) ~[?:1.8.0_452]
	at java.util.zip.ZipFile.<init>(ZipFile.java:162) ~[?:1.8.0_452]
	at java.util.jar.JarFile.<init>(JarFile.java:171) ~[?:1.8.0_452]
	at java.util.jar.JarFile.<init>(JarFile.java:135) ~[?:1.8.0_452]
	at gg.essential.loader.stage1.EssentialSetupTweaker$Forge$Impl.getSourceFiles(EssentialSetupTweaker.java:196) [stage1.jar:9]
	at gg.essential.loader.stage1.EssentialSetupTweaker$Forge$Impl.setupPostLoad(EssentialSetupTweaker.java:116) [stage1.jar:9]
	at gg.essential.loader.stage1.EssentialSetupTweaker.<init>(EssentialSetupTweaker.java:46) [stage1.jar:9]
	at sun.reflect.NativeConstructorAccessorImpl.newInstance0(Native Method) [?:1.8.0_452]
	at sun.reflect.NativeConstructorAccessorImpl.newInstance(NativeConstructorAccessorImpl.java:62) [?:1.8.0_452]
	at sun.reflect.DelegatingConstructorAccessorImpl.newInstance(DelegatingConstructorAccessorImpl.java:45) [?:1.8.0_452]
	at java.lang.reflect.Constructor.newInstance(Constructor.java:423) [?:1.8.0_452]
	at gg.essential.loader.stage0.EssentialSetupTweaker.loadStage1(EssentialSetupTweaker.java:53) [ctjs-2.2.1-1.8.9.jar:?]
	at gg.essential.loader.stage0.EssentialSetupTweaker.<init>(EssentialSetupTweaker.java:26) [ctjs-2.2.1-1.8.9.jar:?]
	at sun.reflect.NativeConstructorAccessorImpl.newInstance0(Native Method) [?:1.8.0_452]
	at sun.reflect.NativeConstructorAccessorImpl.newInstance(NativeConstructorAccessorImpl.java:62) [?:1.8.0_452]
	at sun.reflect.DelegatingConstructorAccessorImpl.newInstance(DelegatingConstructorAccessorImpl.java:45) [?:1.8.0_452]
	at java.lang.reflect.Constructor.newInstance(Constructor.java:423) [?:1.8.0_452]
	at java.lang.Class.newInstance(Class.java:442) [?:1.8.0_452]
	at net.minecraft.launchwrapper.Launch.launch(Launch.java:98) [launchwrapper-1.12.jar:?]
	at net.minecraft.launchwrapper.Launch.main(Launch.java:28) [launchwrapper-1.12.jar:?]
	at sun.reflect.NativeMethodAccessorImpl.invoke0(Native Method) ~[?:1.8.0_452]
	at sun.reflect.NativeMethodAccessorImpl.invoke(NativeMethodAccessorImpl.java:62) ~[?:1.8.0_452]
	at sun.reflect.DelegatingMethodAccessorImpl.invoke(DelegatingMethodAccessorImpl.java:43) ~[?:1.8.0_452]
	at java.lang.reflect.Method.invoke(Method.java:498) ~[?:1.8.0_452]
	at gg.essential.loader.stage2.relaunch.Relaunch.relaunch(Relaunch.java:124) [stage2.forge_1.8.9.jar:?]
	at gg.essential.loader.stage2.EssentialLoader.preloadEssential(EssentialLoader.java:220) [stage2.forge_1.8.9.jar:?]
	at gg.essential.loader.stage2.EssentialLoader.loadPlatform(EssentialLoader.java:116) [stage2.forge_1.8.9.jar:?]
	at gg.essential.loader.stage2.EssentialLoaderBase.load(EssentialLoaderBase.java:148) [stage2.forge_1.8.9.jar:?]
	at sun.reflect.NativeMethodAccessorImpl.invoke0(Native Method) ~[?:1.8.0_452]
	at sun.reflect.NativeMethodAccessorImpl.invoke(NativeMethodAccessorImpl.java:62) ~[?:1.8.0_452]
	at sun.reflect.DelegatingMethodAccessorImpl.invoke(DelegatingMethodAccessorImpl.java:43) ~[?:1.8.0_452]
	at java.lang.reflect.Method.invoke(Method.java:498) ~[?:1.8.0_452]
	at gg.essential.loader.stage1.EssentialLoaderBase.load(EssentialLoaderBase.java:293) [stage1.jar:9]
	at gg.essential.loader.stage1.EssentialSetupTweaker.<init>(EssentialSetupTweaker.java:44) [stage1.jar:9]
	at sun.reflect.NativeConstructorAccessorImpl.newInstance0(Native Method) [?:1.8.0_452]
	at sun.reflect.NativeConstructorAccessorImpl.newInstance(NativeConstructorAccessorImpl.java:62) [?:1.8.0_452]
	at sun.reflect.DelegatingConstructorAccessorImpl.newInstance(DelegatingConstructorAccessorImpl.java:45) [?:1.8.0_452]
	at java.lang.reflect.Constructor.newInstance(Constructor.java:423) [?:1.8.0_452]
	at gg.essential.loader.stage0.EssentialSetupTweaker.loadStage1(EssentialSetupTweaker.java:53) [ctjs-2.2.1-1.8.9.jar:?]
	at gg.essential.loader.stage0.EssentialSetupTweaker.<init>(EssentialSetupTweaker.java:26) [ctjs-2.2.1-1.8.9.jar:?]
	at sun.reflect.NativeConstructorAccessorImpl.newInstance0(Native Method) [?:1.8.0_452]
	at sun.reflect.NativeConstructorAccessorImpl.newInstance(NativeConstructorAccessorImpl.java:62) [?:1.8.0_452]
	at sun.reflect.DelegatingConstructorAccessorImpl.newInstance(DelegatingConstructorAccessorImpl.java:45) [?:1.8.0_452]
	at java.lang.reflect.Constructor.newInstance(Constructor.java:423) [?:1.8.0_452]
	at java.lang.Class.newInstance(Class.java:442) [?:1.8.0_452]
	at net.minecraft.launchwrapper.Launch.launch(Launch.java:98) [launchwrapper-1.12.jar:?]
	at net.minecraft.launchwrapper.Launch.main(Launch.java:28) [launchwrapper-1.12.jar:?]
[22:27:28] [main/WARN]: The coremod dev.falsehonesty.asmhelper.core.AsmHelperLoadingPlugin does not have a MCVersion annotation, it may cause issues with this version of Minecraft
[22:27:28] [main/INFO]: SpongePowered MIXIN Subsystem Version=0.8.4 Source=file:/C:/Users/Mariano/AppData/Roaming/ModrinthApp/profiles/Hypixel%20Skyblock%20Package%201.1.2/essential/Essential%20(forge_1.8.9).processed.jar Service=LaunchWrapper Env=CLIENT
[22:27:28] [main/DEBUG]: Instantiating coremod class PatcherTweaker
[22:27:28] [main/DEBUG]: The coremod club.sk1er.patcher.tweaker.PatcherTweaker requested minecraft version 1.8.9 and minecraft is 1.8.9. It will be loaded.
[22:27:28] [main/DEBUG]: Instantiating coremod class ModTweaker
[22:27:28] [main/DEBUG]: The coremod club.sk1er.patcher.tweaker.other.ModTweaker requested minecraft version 1.8.9 and minecraft is 1.8.9. It will be loaded.
[22:27:28] [main/DEBUG]: Enqueued coremod ModTweaker
[22:27:28] [main/WARN]: Tweak class name gg.essential.loader.stage0.EssentialSetupTweaker has already been visited -- skipping
[22:27:28] [main/WARN]: Tweak class name gg.essential.loader.stage0.EssentialSetupTweaker has already been visited -- skipping
[22:27:28] [main/WARN]: Tweak class name gg.essential.loader.stage0.EssentialSetupTweaker has already been visited -- skipping
[22:27:28] [main/INFO]: Loading tweak class name io.github.moulberry.notenoughupdates.loader.NEUDelegatingTweaker
[22:27:28] [main/INFO]: [io.github.moulberry.notenoughupdates.loader.NEUDelegatingTweaker:<init>:56]: NEU Delegating Tweaker is loaded with: [io.github.moulberry.notenoughupdates.loader.MixinLoadingTweaker, org.spongepowered.asm.launch.MixinTweaker, io.github.moulberry.notenoughupdates.loader.ModLoadingTweaker, io.github.moulberry.notenoughupdates.loader.KotlinLoadingTweaker]
[22:27:28] [main/WARN]: Tweak class name gg.essential.loader.stage0.EssentialSetupTweaker has already been visited -- skipping
[22:27:28] [main/WARN]: Tweak class name gg.essential.loader.stage0.EssentialSetupTweaker has already been visited -- skipping
[22:27:28] [main/INFO]: Loading tweak class name org.spongepowered.asm.launch.MixinTweaker
[22:27:28] [main/INFO]: Loading tweak class name at.hannibal2.skyhanni.tweaker.SkyHanniTweaker
[22:27:28] [main/INFO]: Loading tweak class name gg.skytils.skytilsmod.tweaker.SkytilsTweaker
[22:27:28] [main/ERROR]: Failed to read manifest from file:/C:/Users/Mariano/AppData/Roaming/ModrinthApp/meta/libraries/net/java/jinput/jinput-platform/2.0.5/jinput-platform-2.0.5.jar:
java.util.zip.ZipException: error in opening zip file
	at java.util.zip.ZipFile.open(Native Method) ~[?:1.8.0_452]
	at java.util.zip.ZipFile.<init>(ZipFile.java:236) ~[?:1.8.0_452]
	at java.util.zip.ZipFile.<init>(ZipFile.java:162) ~[?:1.8.0_452]
	at java.util.jar.JarFile.<init>(JarFile.java:171) ~[?:1.8.0_452]
	at java.util.jar.JarFile.<init>(JarFile.java:135) ~[?:1.8.0_452]
	at gg.essential.loader.stage1.EssentialSetupTweaker$Forge$Impl.getSourceFiles(EssentialSetupTweaker.java:196) [stage1.jar:9]
	at gg.essential.loader.stage1.EssentialSetupTweaker$Forge$Impl.setupPostLoad(EssentialSetupTweaker.java:116) [stage1.jar:9]
	at gg.essential.loader.stage1.EssentialSetupTweaker.<init>(EssentialSetupTweaker.java:46) [stage1.jar:9]
	at sun.reflect.NativeConstructorAccessorImpl.newInstance0(Native Method) [?:1.8.0_452]
	at sun.reflect.NativeConstructorAccessorImpl.newInstance(NativeConstructorAccessorImpl.java:62) [?:1.8.0_452]
	at sun.reflect.DelegatingConstructorAccessorImpl.newInstance(DelegatingConstructorAccessorImpl.java:45) [?:1.8.0_452]
	at java.lang.reflect.Constructor.newInstance(Constructor.java:423) [?:1.8.0_452]
	at gg.essential.loader.stage0.EssentialSetupTweaker.loadStage1(EssentialSetupTweaker.java:53) [ctjs-2.2.1-1.8.9.jar:?]
	at gg.essential.loader.stage0.EssentialSetupTweaker.<init>(EssentialSetupTweaker.java:26) [ctjs-2.2.1-1.8.9.jar:?]
	at gg.skytils.skytilsmod.tweaker.SkytilsTweaker.<init>(SkytilsTweaker.java:37) [Skytils-1.10.8.jar:?]
	at sun.reflect.NativeConstructorAccessorImpl.newInstance0(Native Method) [?:1.8.0_452]
	at sun.reflect.NativeConstructorAccessorImpl.newInstance(NativeConstructorAccessorImpl.java:62) [?:1.8.0_452]
	at sun.reflect.DelegatingConstructorAccessorImpl.newInstance(DelegatingConstructorAccessorImpl.java:45) [?:1.8.0_452]
	at java.lang.reflect.Constructor.newInstance(Constructor.java:423) [?:1.8.0_452]
	at java.lang.Class.newInstance(Class.java:442) [?:1.8.0_452]
	at net.minecraft.launchwrapper.Launch.launch(Launch.java:98) [launchwrapper-1.12.jar:?]
	at net.minecraft.launchwrapper.Launch.main(Launch.java:28) [launchwrapper-1.12.jar:?]
	at sun.reflect.NativeMethodAccessorImpl.invoke0(Native Method) ~[?:1.8.0_452]
	at sun.reflect.NativeMethodAccessorImpl.invoke(NativeMethodAccessorImpl.java:62) ~[?:1.8.0_452]
	at sun.reflect.DelegatingMethodAccessorImpl.invoke(DelegatingMethodAccessorImpl.java:43) ~[?:1.8.0_452]
	at java.lang.reflect.Method.invoke(Method.java:498) ~[?:1.8.0_452]
	at gg.essential.loader.stage2.relaunch.Relaunch.relaunch(Relaunch.java:124) [stage2.forge_1.8.9.jar:?]
	at gg.essential.loader.stage2.EssentialLoader.preloadEssential(EssentialLoader.java:220) [stage2.forge_1.8.9.jar:?]
	at gg.essential.loader.stage2.EssentialLoader.loadPlatform(EssentialLoader.java:116) [stage2.forge_1.8.9.jar:?]
	at gg.essential.loader.stage2.EssentialLoaderBase.load(EssentialLoaderBase.java:148) [stage2.forge_1.8.9.jar:?]
	at sun.reflect.NativeMethodAccessorImpl.invoke0(Native Method) ~[?:1.8.0_452]
	at sun.reflect.NativeMethodAccessorImpl.invoke(NativeMethodAccessorImpl.java:62) ~[?:1.8.0_452]
	at sun.reflect.DelegatingMethodAccessorImpl.invoke(DelegatingMethodAccessorImpl.java:43) ~[?:1.8.0_452]
	at java.lang.reflect.Method.invoke(Method.java:498) ~[?:1.8.0_452]
	at gg.essential.loader.stage1.EssentialLoaderBase.load(EssentialLoaderBase.java:293) [stage1.jar:9]
	at gg.essential.loader.stage1.EssentialSetupTweaker.<init>(EssentialSetupTweaker.java:44) [stage1.jar:9]
	at sun.reflect.NativeConstructorAccessorImpl.newInstance0(Native Method) [?:1.8.0_452]
	at sun.reflect.NativeConstructorAccessorImpl.newInstance(NativeConstructorAccessorImpl.java:62) [?:1.8.0_452]
	at sun.reflect.DelegatingConstructorAccessorImpl.newInstance(DelegatingConstructorAccessorImpl.java:45) [?:1.8.0_452]
	at java.lang.reflect.Constructor.newInstance(Constructor.java:423) [?:1.8.0_452]
	at gg.essential.loader.stage0.EssentialSetupTweaker.loadStage1(EssentialSetupTweaker.java:53) [ctjs-2.2.1-1.8.9.jar:?]
	at gg.essential.loader.stage0.EssentialSetupTweaker.<init>(EssentialSetupTweaker.java:26) [ctjs-2.2.1-1.8.9.jar:?]
	at sun.reflect.NativeConstructorAccessorImpl.newInstance0(Native Method) [?:1.8.0_452]
	at sun.reflect.NativeConstructorAccessorImpl.newInstance(NativeConstructorAccessorImpl.java:62) [?:1.8.0_452]
	at sun.reflect.DelegatingConstructorAccessorImpl.newInstance(DelegatingConstructorAccessorImpl.java:45) [?:1.8.0_452]
	at java.lang.reflect.Constructor.newInstance(Constructor.java:423) [?:1.8.0_452]
	at java.lang.Class.newInstance(Class.java:442) [?:1.8.0_452]
	at net.minecraft.launchwrapper.Launch.launch(Launch.java:98) [launchwrapper-1.12.jar:?]
	at net.minecraft.launchwrapper.Launch.main(Launch.java:28) [launchwrapper-1.12.jar:?]
[22:27:28] [main/ERROR]: Failed to read manifest from file:/C:/Users/Mariano/AppData/Roaming/ModrinthApp/meta/libraries/tv/twitch/twitch-platform/6.5/twitch-platform-6.5.jar:
java.util.zip.ZipException: error in opening zip file
	at java.util.zip.ZipFile.open(Native Method) ~[?:1.8.0_452]
	at java.util.zip.ZipFile.<init>(ZipFile.java:236) ~[?:1.8.0_452]
	at java.util.zip.ZipFile.<init>(ZipFile.java:162) ~[?:1.8.0_452]
	at java.util.jar.JarFile.<init>(JarFile.java:171) ~[?:1.8.0_452]
	at java.util.jar.JarFile.<init>(JarFile.java:135) ~[?:1.8.0_452]
	at gg.essential.loader.stage1.EssentialSetupTweaker$Forge$Impl.getSourceFiles(EssentialSetupTweaker.java:196) [stage1.jar:9]
	at gg.essential.loader.stage1.EssentialSetupTweaker$Forge$Impl.setupPostLoad(EssentialSetupTweaker.java:116) [stage1.jar:9]
	at gg.essential.loader.stage1.EssentialSetupTweaker.<init>(EssentialSetupTweaker.java:46) [stage1.jar:9]
	at sun.reflect.NativeConstructorAccessorImpl.newInstance0(Native Method) [?:1.8.0_452]
	at sun.reflect.NativeConstructorAccessorImpl.newInstance(NativeConstructorAccessorImpl.java:62) [?:1.8.0_452]
	at sun.reflect.DelegatingConstructorAccessorImpl.newInstance(DelegatingConstructorAccessorImpl.java:45) [?:1.8.0_452]
	at java.lang.reflect.Constructor.newInstance(Constructor.java:423) [?:1.8.0_452]
	at gg.essential.loader.stage0.EssentialSetupTweaker.loadStage1(EssentialSetupTweaker.java:53) [ctjs-2.2.1-1.8.9.jar:?]
	at gg.essential.loader.stage0.EssentialSetupTweaker.<init>(EssentialSetupTweaker.java:26) [ctjs-2.2.1-1.8.9.jar:?]
	at gg.skytils.skytilsmod.tweaker.SkytilsTweaker.<init>(SkytilsTweaker.java:37) [Skytils-1.10.8.jar:?]
	at sun.reflect.NativeConstructorAccessorImpl.newInstance0(Native Method) [?:1.8.0_452]
	at sun.reflect.NativeConstructorAccessorImpl.newInstance(NativeConstructorAccessorImpl.java:62) [?:1.8.0_452]
	at sun.reflect.DelegatingConstructorAccessorImpl.newInstance(DelegatingConstructorAccessorImpl.java:45) [?:1.8.0_452]
	at java.lang.reflect.Constructor.newInstance(Constructor.java:423) [?:1.8.0_452]
	at java.lang.Class.newInstance(Class.java:442) [?:1.8.0_452]
	at net.minecraft.launchwrapper.Launch.launch(Launch.java:98) [launchwrapper-1.12.jar:?]
	at net.minecraft.launchwrapper.Launch.main(Launch.java:28) [launchwrapper-1.12.jar:?]
	at sun.reflect.NativeMethodAccessorImpl.invoke0(Native Method) ~[?:1.8.0_452]
	at sun.reflect.NativeMethodAccessorImpl.invoke(NativeMethodAccessorImpl.java:62) ~[?:1.8.0_452]
	at sun.reflect.DelegatingMethodAccessorImpl.invoke(DelegatingMethodAccessorImpl.java:43) ~[?:1.8.0_452]
	at java.lang.reflect.Method.invoke(Method.java:498) ~[?:1.8.0_452]
	at gg.essential.loader.stage2.relaunch.Relaunch.relaunch(Relaunch.java:124) [stage2.forge_1.8.9.jar:?]
	at gg.essential.loader.stage2.EssentialLoader.preloadEssential(EssentialLoader.java:220) [stage2.forge_1.8.9.jar:?]
	at gg.essential.loader.stage2.EssentialLoader.loadPlatform(EssentialLoader.java:116) [stage2.forge_1.8.9.jar:?]
	at gg.essential.loader.stage2.EssentialLoaderBase.load(EssentialLoaderBase.java:148) [stage2.forge_1.8.9.jar:?]
	at sun.reflect.NativeMethodAccessorImpl.invoke0(Native Method) ~[?:1.8.0_452]
	at sun.reflect.NativeMethodAccessorImpl.invoke(NativeMethodAccessorImpl.java:62) ~[?:1.8.0_452]
	at sun.reflect.DelegatingMethodAccessorImpl.invoke(DelegatingMethodAccessorImpl.java:43) ~[?:1.8.0_452]
	at java.lang.reflect.Method.invoke(Method.java:498) ~[?:1.8.0_452]
	at gg.essential.loader.stage1.EssentialLoaderBase.load(EssentialLoaderBase.java:293) [stage1.jar:9]
	at gg.essential.loader.stage1.EssentialSetupTweaker.<init>(EssentialSetupTweaker.java:44) [stage1.jar:9]
	at sun.reflect.NativeConstructorAccessorImpl.newInstance0(Native Method) [?:1.8.0_452]
	at sun.reflect.NativeConstructorAccessorImpl.newInstance(NativeConstructorAccessorImpl.java:62) [?:1.8.0_452]
	at sun.reflect.DelegatingConstructorAccessorImpl.newInstance(DelegatingConstructorAccessorImpl.java:45) [?:1.8.0_452]
	at java.lang.reflect.Constructor.newInstance(Constructor.java:423) [?:1.8.0_452]
	at gg.essential.loader.stage0.EssentialSetupTweaker.loadStage1(EssentialSetupTweaker.java:53) [ctjs-2.2.1-1.8.9.jar:?]
	at gg.essential.loader.stage0.EssentialSetupTweaker.<init>(EssentialSetupTweaker.java:26) [ctjs-2.2.1-1.8.9.jar:?]
	at sun.reflect.NativeConstructorAccessorImpl.newInstance0(Native Method) [?:1.8.0_452]
	at sun.reflect.NativeConstructorAccessorImpl.newInstance(NativeConstructorAccessorImpl.java:62) [?:1.8.0_452]
	at sun.reflect.DelegatingConstructorAccessorImpl.newInstance(DelegatingConstructorAccessorImpl.java:45) [?:1.8.0_452]
	at java.lang.reflect.Constructor.newInstance(Constructor.java:423) [?:1.8.0_452]
	at java.lang.Class.newInstance(Class.java:442) [?:1.8.0_452]
	at net.minecraft.launchwrapper.Launch.launch(Launch.java:98) [launchwrapper-1.12.jar:?]
	at net.minecraft.launchwrapper.Launch.main(Launch.java:28) [launchwrapper-1.12.jar:?]
[22:27:28] [main/ERROR]: Failed to read manifest from file:/C:/Users/Mariano/AppData/Roaming/ModrinthApp/meta/libraries/tv/twitch/twitch-external-platform/4.5/twitch-external-platform-4.5.jar:
java.util.zip.ZipException: error in opening zip file
	at java.util.zip.ZipFile.open(Native Method) ~[?:1.8.0_452]
	at java.util.zip.ZipFile.<init>(ZipFile.java:236) ~[?:1.8.0_452]
	at java.util.zip.ZipFile.<init>(ZipFile.java:162) ~[?:1.8.0_452]
	at java.util.jar.JarFile.<init>(JarFile.java:171) ~[?:1.8.0_452]
	at java.util.jar.JarFile.<init>(JarFile.java:135) ~[?:1.8.0_452]
	at gg.essential.loader.stage1.EssentialSetupTweaker$Forge$Impl.getSourceFiles(EssentialSetupTweaker.java:196) [stage1.jar:9]
	at gg.essential.loader.stage1.EssentialSetupTweaker$Forge$Impl.setupPostLoad(EssentialSetupTweaker.java:116) [stage1.jar:9]
	at gg.essential.loader.stage1.EssentialSetupTweaker.<init>(EssentialSetupTweaker.java:46) [stage1.jar:9]
	at sun.reflect.NativeConstructorAccessorImpl.newInstance0(Native Method) [?:1.8.0_452]
	at sun.reflect.NativeConstructorAccessorImpl.newInstance(NativeConstructorAccessorImpl.java:62) [?:1.8.0_452]
	at sun.reflect.DelegatingConstructorAccessorImpl.newInstance(DelegatingConstructorAccessorImpl.java:45) [?:1.8.0_452]
	at java.lang.reflect.Constructor.newInstance(Constructor.java:423) [?:1.8.0_452]
	at gg.essential.loader.stage0.EssentialSetupTweaker.loadStage1(EssentialSetupTweaker.java:53) [ctjs-2.2.1-1.8.9.jar:?]
	at gg.essential.loader.stage0.EssentialSetupTweaker.<init>(EssentialSetupTweaker.java:26) [ctjs-2.2.1-1.8.9.jar:?]
	at gg.skytils.skytilsmod.tweaker.SkytilsTweaker.<init>(SkytilsTweaker.java:37) [Skytils-1.10.8.jar:?]
	at sun.reflect.NativeConstructorAccessorImpl.newInstance0(Native Method) [?:1.8.0_452]
	at sun.reflect.NativeConstructorAccessorImpl.newInstance(NativeConstructorAccessorImpl.java:62) [?:1.8.0_452]
	at sun.reflect.DelegatingConstructorAccessorImpl.newInstance(DelegatingConstructorAccessorImpl.java:45) [?:1.8.0_452]
	at java.lang.reflect.Constructor.newInstance(Constructor.java:423) [?:1.8.0_452]
	at java.lang.Class.newInstance(Class.java:442) [?:1.8.0_452]
	at net.minecraft.launchwrapper.Launch.launch(Launch.java:98) [launchwrapper-1.12.jar:?]
	at net.minecraft.launchwrapper.Launch.main(Launch.java:28) [launchwrapper-1.12.jar:?]
	at sun.reflect.NativeMethodAccessorImpl.invoke0(Native Method) ~[?:1.8.0_452]
	at sun.reflect.NativeMethodAccessorImpl.invoke(NativeMethodAccessorImpl.java:62) ~[?:1.8.0_452]
	at sun.reflect.DelegatingMethodAccessorImpl.invoke(DelegatingMethodAccessorImpl.java:43) ~[?:1.8.0_452]
	at java.lang.reflect.Method.invoke(Method.java:498) ~[?:1.8.0_452]
	at gg.essential.loader.stage2.relaunch.Relaunch.relaunch(Relaunch.java:124) [stage2.forge_1.8.9.jar:?]
	at gg.essential.loader.stage2.EssentialLoader.preloadEssential(EssentialLoader.java:220) [stage2.forge_1.8.9.jar:?]
	at gg.essential.loader.stage2.EssentialLoader.loadPlatform(EssentialLoader.java:116) [stage2.forge_1.8.9.jar:?]
	at gg.essential.loader.stage2.EssentialLoaderBase.load(EssentialLoaderBase.java:148) [stage2.forge_1.8.9.jar:?]
	at sun.reflect.NativeMethodAccessorImpl.invoke0(Native Method) ~[?:1.8.0_452]
	at sun.reflect.NativeMethodAccessorImpl.invoke(NativeMethodAccessorImpl.java:62) ~[?:1.8.0_452]
	at sun.reflect.DelegatingMethodAccessorImpl.invoke(DelegatingMethodAccessorImpl.java:43) ~[?:1.8.0_452]
	at java.lang.reflect.Method.invoke(Method.java:498) ~[?:1.8.0_452]
	at gg.essential.loader.stage1.EssentialLoaderBase.load(EssentialLoaderBase.java:293) [stage1.jar:9]
	at gg.essential.loader.stage1.EssentialSetupTweaker.<init>(EssentialSetupTweaker.java:44) [stage1.jar:9]
	at sun.reflect.NativeConstructorAccessorImpl.newInstance0(Native Method) [?:1.8.0_452]
	at sun.reflect.NativeConstructorAccessorImpl.newInstance(NativeConstructorAccessorImpl.java:62) [?:1.8.0_452]
	at sun.reflect.DelegatingConstructorAccessorImpl.newInstance(DelegatingConstructorAccessorImpl.java:45) [?:1.8.0_452]
	at java.lang.reflect.Constructor.newInstance(Constructor.java:423) [?:1.8.0_452]
	at gg.essential.loader.stage0.EssentialSetupTweaker.loadStage1(EssentialSetupTweaker.java:53) [ctjs-2.2.1-1.8.9.jar:?]
	at gg.essential.loader.stage0.EssentialSetupTweaker.<init>(EssentialSetupTweaker.java:26) [ctjs-2.2.1-1.8.9.jar:?]
	at sun.reflect.NativeConstructorAccessorImpl.newInstance0(Native Method) [?:1.8.0_452]
	at sun.reflect.NativeConstructorAccessorImpl.newInstance(NativeConstructorAccessorImpl.java:62) [?:1.8.0_452]
	at sun.reflect.DelegatingConstructorAccessorImpl.newInstance(DelegatingConstructorAccessorImpl.java:45) [?:1.8.0_452]
	at java.lang.reflect.Constructor.newInstance(Constructor.java:423) [?:1.8.0_452]
	at java.lang.Class.newInstance(Class.java:442) [?:1.8.0_452]
	at net.minecraft.launchwrapper.Launch.launch(Launch.java:98) [launchwrapper-1.12.jar:?]
	at net.minecraft.launchwrapper.Launch.main(Launch.java:28) [launchwrapper-1.12.jar:?]
[22:27:28] [main/WARN]: The coremod gg.skytils.skytilsmod.tweaker.SkytilsLoadingPlugin does not have a MCVersion annotation, it may cause issues with this version of Minecraft
[22:27:28] [main/INFO]: [gg.skytils.skytilsmod.tweaker.DependencyLoader:loadBrotli:83]: Native Brotli loaded
[22:27:28] [main/INFO]: [gg.skytils.skytilsmod.tweaker.DependencyLoader:loadBCProv:64]: Bouncy Castle provider loaded
[22:27:28] [main/INFO]: Data URL: https://data.skytils.gg/
